<?xml version="1.0" encoding="UTF-8"?>
<testsuite name="com.twu.biblioteca.BookCatalogueTest" tests="1" skipped="0" failures="0" errors="0" timestamp="2020-01-31T18:48:33" hostname="LAHeitors-MacBook-Pro.local" time="0.014">
  <properties/>
  <testcase name="shouldReturnAListOfTitles" classname="com.twu.biblioteca.BookCatalogueTest" time="0.014"/>
  <system-out><![CDATA[]]></system-out>
  <system-err><![CDATA[]]></system-err>
</testsuite>
