<?xml version="1.0" encoding="UTF-8"?>
<testsuite name="com.twu.biblioteca.LibrarianTest" tests="6" skipped="0" failures="0" errors="0" timestamp="2020-02-12T00:15:33" hostname="LAHeitors-MacBook-Pro.local" time="0.277">
  <properties/>
  <testcase name="should_log_in_user" classname="com.twu.biblioteca.LibrarianTest" time="0.256"/>
  <testcase name="should_put_returned_book_back_on_list" classname="com.twu.biblioteca.LibrarianTest" time="0.017"/>
  <testcase name="should_take_rented_book_off_list" classname="com.twu.biblioteca.LibrarianTest" time="0.001"/>
  <testcase name="should_return_a_list_of_book_titles" classname="com.twu.biblioteca.LibrarianTest" time="0.0"/>
  <testcase name="should_return_a_list_of_movie_titles" classname="com.twu.biblioteca.LibrarianTest" time="0.001"/>
  <testcase name="should_take_book_title_for_rent_request" classname="com.twu.biblioteca.LibrarianTest" time="0.001"/>
  <system-out><![CDATA[You have successfully logged in

You have successfully logged in

]]></system-out>
  <system-err><![CDATA[]]></system-err>
</testsuite>
