<?xml version="1.0" encoding="UTF-8"?>
<testsuite name="com.twu.biblioteca.LibrarianTest" tests="1" skipped="0" failures="0" errors="0" timestamp="2020-02-04T19:40:51" hostname="LAHeitors-MacBook-Pro.local" time="0.243">
  <properties/>
  <testcase name="should_take_rented_book_off_list" classname="com.twu.biblioteca.LibrarianTest" time="0.243"/>
  <system-out><![CDATA[]]></system-out>
  <system-err><![CDATA[]]></system-err>
</testsuite>
