<?xml version="1.0" encoding="UTF-8"?>
<testsuite name="com.twu.biblioteca.UserTest" tests="1" skipped="0" failures="0" errors="0" timestamp="2020-02-12T15:20:59" hostname="LAHeitors-MacBook-Pro.local" time="0.0">
  <properties/>
  <testcase name="should_return_user_info" classname="com.twu.biblioteca.UserTest" time="0.0"/>
  <system-out><![CDATA[]]></system-out>
  <system-err><![CDATA[]]></system-err>
</testsuite>
