<?xml version="1.0" encoding="UTF-8"?>
<testsuite name="com.twu.biblioteca.BookTest" tests="1" skipped="0" failures="0" errors="0" timestamp="2020-01-31T00:47:33" hostname="LAHeitors-MacBook-Pro.local" time="0.009">
  <properties/>
  <testcase name="changesAvailableStatusToRented" classname="com.twu.biblioteca.BookTest" time="0.009"/>
  <system-out><![CDATA[]]></system-out>
  <system-err><![CDATA[]]></system-err>
</testsuite>
