<?xml version="1.0" encoding="UTF-8"?>
<testsuite name="com.twu.biblioteca.BookTest" tests="3" skipped="0" failures="0" errors="0" timestamp="2020-02-12T00:15:33" hostname="LAHeitors-MacBook-Pro.local" time="0.012">
  <properties/>
  <testcase name="changes_available_status_to_rented" classname="com.twu.biblioteca.BookTest" time="0.012"/>
  <testcase name="changes_available_status_to_returned" classname="com.twu.biblioteca.BookTest" time="0.0"/>
  <testcase name="does_not_change_status_to_available_when_user_is_different" classname="com.twu.biblioteca.BookTest" time="0.0"/>
  <system-out><![CDATA[]]></system-out>
  <system-err><![CDATA[]]></system-err>
</testsuite>
