<?xml version="1.0" encoding="UTF-8"?>
<testsuite name="com.twu.biblioteca.BookCatalogueTest" tests="10" skipped="0" failures="0" errors="0" timestamp="2020-02-10T02:43:45" hostname="LAHeitors-MacBook-Pro.local" time="0.017">
  <properties/>
  <testcase name="should_not_reduce_the_list_of_titles_if_book_is_not_in_catalogue" classname="com.twu.biblioteca.BookCatalogueTest" time="0.01"/>
  <testcase name="should_return_book_by_name" classname="com.twu.biblioteca.BookCatalogueTest" time="0.004"/>
  <testcase name="should_return_a_list_of_titles" classname="com.twu.biblioteca.BookCatalogueTest" time="0.0"/>
  <testcase name="should_not_increase_the_list_of_titles_if_book_is_returned_twice" classname="com.twu.biblioteca.BookCatalogueTest" time="0.0"/>
  <testcase name="should_show_that_book_that_was_rented_is_not_available" classname="com.twu.biblioteca.BookCatalogueTest" time="0.0"/>
  <testcase name="should_return_null_when_book_does_not_exist" classname="com.twu.biblioteca.BookCatalogueTest" time="0.0"/>
  <testcase name="should_not_increase_the_list_of_titles_if_book_returned_is_not_in_catalogue" classname="com.twu.biblioteca.BookCatalogueTest" time="0.001"/>
  <testcase name="should_reduce_the_list_of_titles_if_book_is_available" classname="com.twu.biblioteca.BookCatalogueTest" time="0.0"/>
  <testcase name="should_find_book_even_if_title_is_in_lower_case" classname="com.twu.biblioteca.BookCatalogueTest" time="0.0"/>
  <testcase name="should_not_reduce_the_list_of_titles_if_book_is_rented_twice" classname="com.twu.biblioteca.BookCatalogueTest" time="0.001"/>
  <system-out><![CDATA[]]></system-out>
  <system-err><![CDATA[]]></system-err>
</testsuite>
