<?xml version="1.0" encoding="UTF-8"?>
<testsuite name="com.twu.biblioteca.LibrarianTest" tests="7" skipped="0" failures="0" errors="0" timestamp="2020-02-17T00:36:45" hostname="LAHeitors-MacBook-Pro.local" time="0.29">
  <properties/>
  <testcase name="should_log_in_user" classname="com.twu.biblioteca.LibrarianTest" time="0.275"/>
  <testcase name="should_put_returned_book_back_on_list" classname="com.twu.biblioteca.LibrarianTest" time="0.009"/>
  <testcase name="should_get_user_info" classname="com.twu.biblioteca.LibrarianTest" time="0.001"/>
  <testcase name="should_take_rented_book_off_list" classname="com.twu.biblioteca.LibrarianTest" time="0.002"/>
  <testcase name="should_return_a_list_of_book_titles" classname="com.twu.biblioteca.LibrarianTest" time="0.001"/>
  <testcase name="should_return_a_list_of_movie_titles" classname="com.twu.biblioteca.LibrarianTest" time="0.001"/>
  <testcase name="should_take_book_title_for_rent_request" classname="com.twu.biblioteca.LibrarianTest" time="0.001"/>
  <system-out><![CDATA[]]></system-out>
  <system-err><![CDATA[]]></system-err>
</testsuite>
