<?xml version="1.0" encoding="UTF-8"?>
<testsuite name="com.twu.biblioteca.BibliotecaAppTest" tests="1" skipped="0" failures="0" errors="0" timestamp="2020-01-30T18:48:04" hostname="LAHeitors-MacBook-Pro.local" time="0.001">
  <properties/>
  <testcase name="welcomeMessageIsCorrect" classname="com.twu.biblioteca.BibliotecaAppTest" time="0.001"/>
  <system-out><![CDATA[]]></system-out>
  <system-err><![CDATA[]]></system-err>
</testsuite>
